<?xml version="1.0" encoding="UTF-8"?>
<Site BuildName="(empty)"
	BuildStamp="20201101-1100-Experimental"
	Name="valentin"
	Generator="ctest-3.10.2"
	CompilerName="/usr/bin/c++"
	CompilerVersion="7.5.0"
	OSName="Linux"
	Hostname="valentin"
	OSRelease="5.4.0-48-generic"
	OSVersion="#52~18.04.1-Ubuntu SMP Thu Sep 10 12:50:22 UTC 2020"
	OSPlatform="x86_64"
	Is64Bits="1"
	VendorString="GenuineIntel"
	VendorID="Intel Corporation"
	FamilyID="6"
	ModelID="165"
	ProcessorCacheSize="8192"
	NumberOfLogicalCPU="8"
	NumberOfPhysicalCPU="4"
	TotalVirtualMemory="2047"
	TotalPhysicalMemory="7828"
	LogicalProcessorsPerPhysical="2"
	ProcessorClockFrequency="4000"
	>
	<Testing>
		<StartDateTime>Nov 01 12:00 CET</StartDateTime>
		<StartTestTime>1604228455</StartTestTime>
		<TestList/>
		<EndDateTime>Nov 01 12:00 CET</EndDateTime>
		<EndTestTime>1604228455</EndTestTime>
		<ElapsedMinutes>0</ElapsedMinutes>
	</Testing>
</Site>
